2016-07-29T01:43:10.213Z - [32minfo[39m: Configuration Loaded default configuration from /usr/lib/node_modules/pm2-web/server/components/../../config.json
2016-07-29T01:43:10.216Z - [32minfo[39m: Configuration Final configuration: {
  "www": {
    "host": "localhost",
    "address": "0.0.0.0",
    "port": 9000,
    "authentication": {
      "enabled": false,
      "username": "a_user_name",
      "password": "**** LA LA LA, NOTHING TO SEE HERE ****"
    },
    "ssl": {
      "enabled": false,
      "upgrade": true,
      "port": 9001,
      "passphrase": "**** LA LA LA, NOTHING TO SEE HERE ****",
      "key": "/path/to/key/file",
      "certificate": "/path/to/certificate/file"
    }
  },
  "ws": {
    "frequency": 500
  },
  "pm2": [
    {
      "host": "localhost",
      "rpc": "/root/.pm2/rpc.sock",
      "events": "/root/.pm2/pub.sock"
    }
  ],
  "updateFrequency": 5000,
  "forceHardReload": false,
  "logs": {
    "max": 1000
  },
  "hostPurge": {
    "frequency": 10000,
    "cutoff": 60000
  },
  "graph": {
    "datapoints": 1000,
    "distribution": [
      40,
      25,
      10,
      10,
      5
    ]
  },
  "mdns": {
    "enabled": false,
    "name": "pm2"
  },
  "requiredPm2Version": "0.11.0"
}
(node:1942) DeprecationWarning: sys is deprecated. Use util instead.
2016-07-29T01:43:10.236Z - [32minfo[39m: Express server listening on 0.0.0.0:9000
2016-07-29T01:43:10.246Z - [32minfo[39m: PM2Listener localhost RPC socket ready
2016-07-29T01:43:10.247Z - [32minfo[39m: PM2Listener Querying version number from localhost
2016-07-29T01:43:10.249Z - [32minfo[39m: PM2Listener localhost is running pm2 1.1.3
[0mGET /img/favicon.png [36m304 [0m7.313 ms - -[0m
PM2Web Shutting down Express
PM2Web Shutting WebSocket
PM2Web Disconnecting from pm2-interface
2016-07-29T01:43:45.389Z - [32minfo[39m: PM2Listener localhost event socket close
2016-07-29T01:43:45.389Z - [32minfo[39m: PM2Listener localhost RPC socket closed
[0mGET /img/favicon.png [36m304 [0m1.180 ms - -[0m
PM2Web Shutting down Express
PM2Web Shutting WebSocket
2016-07-29T01:43:48.061Z - [31merror[39m: PM2 Uncaught exception TypeError: Cannot read property '_webSocketPaths' of undefined
    at WebSocketServer.close (/usr/lib/node_modules/pm2-web/node_modules/ws/lib/WebSocketServer.js:109:32)
    at PM2Web.stop (/usr/lib/node_modules/pm2-web/server/app.js:207:42)
    at emitNone (events.js:86:13)
    at process.emit (events.js:185:7)
    at Signal.wrap.onsignal (internal/process.js:201:44)
/usr/lib/node_modules/pm2-web/server/app.js:65
		throw exception;
		^

TypeError: Cannot read property '_webSocketPaths' of undefined
    at WebSocketServer.close (/usr/lib/node_modules/pm2-web/node_modules/ws/lib/WebSocketServer.js:109:32)
    at PM2Web.stop (/usr/lib/node_modules/pm2-web/server/app.js:207:42)
    at emitNone (events.js:86:13)
    at process.emit (events.js:185:7)
    at Signal.wrap.onsignal (internal/process.js:201:44)
2016-07-29T01:43:51.472Z - [32minfo[39m: Configuration Loaded default configuration from /usr/lib/node_modules/pm2-web/server/components/../../config.json
2016-07-29T01:43:51.475Z - [32minfo[39m: Configuration Final configuration: {
  "www": {
    "host": "localhost",
    "address": "0.0.0.0",
    "port": 9000,
    "authentication": {
      "enabled": false,
      "username": "a_user_name",
      "password": "**** LA LA LA, NOTHING TO SEE HERE ****"
    },
    "ssl": {
      "enabled": false,
      "upgrade": true,
      "port": 9001,
      "passphrase": "**** LA LA LA, NOTHING TO SEE HERE ****",
      "key": "/path/to/key/file",
      "certificate": "/path/to/certificate/file"
    }
  },
  "ws": {
    "frequency": 500
  },
  "pm2": [
    {
      "host": "localhost",
      "rpc": "/root/.pm2/rpc.sock",
      "events": "/root/.pm2/pub.sock"
    }
  ],
  "updateFrequency": 5000,
  "forceHardReload": false,
  "logs": {
    "max": 1000
  },
  "hostPurge": {
    "frequency": 10000,
    "cutoff": 60000
  },
  "graph": {
    "datapoints": 1000,
    "distribution": [
      40,
      25,
      10,
      10,
      5
    ]
  },
  "mdns": {
    "enabled": false,
    "name": "pm2"
  },
  "requiredPm2Version": "0.11.0"
}
(node:1952) DeprecationWarning: sys is deprecated. Use util instead.
2016-07-29T01:43:51.498Z - [32minfo[39m: Express server listening on 0.0.0.0:9000
2016-07-29T01:43:51.513Z - [32minfo[39m: PM2Listener localhost RPC socket ready
2016-07-29T01:43:51.513Z - [32minfo[39m: PM2Listener Querying version number from localhost
2016-07-29T01:43:51.516Z - [32minfo[39m: PM2Listener localhost is running pm2 1.1.3
[0mGET /img/favicon.png [36m304 [0m6.142 ms - -[0m
PM2Web Shutting down Express
PM2Web Shutting WebSocket
PM2Web Disconnecting from pm2-interface
2016-07-29T01:44:00.837Z - [32minfo[39m: PM2Listener localhost event socket close
2016-07-29T01:44:00.837Z - [32minfo[39m: PM2Listener localhost RPC socket closed
[0mGET /img/favicon.png [36m304 [0m1.179 ms - -[0m
2016-07-29T01:45:01.493Z - [32minfo[39m: HostList localhost has gone away
PM2Web Express shut down.
PM2Web Shutting down Express
PM2Web Shutting WebSocket
2016-07-29T01:46:23.195Z - [31merror[39m: PM2 Uncaught exception TypeError: Cannot read property '_webSocketPaths' of undefined
    at WebSocketServer.close (/usr/lib/node_modules/pm2-web/node_modules/ws/lib/WebSocketServer.js:109:32)
    at PM2Web.stop (/usr/lib/node_modules/pm2-web/server/app.js:207:42)
    at emitNone (events.js:86:13)
    at process.emit (events.js:185:7)
    at Signal.wrap.onsignal (internal/process.js:201:44)
/usr/lib/node_modules/pm2-web/server/app.js:65
		throw exception;
		^

TypeError: Cannot read property '_webSocketPaths' of undefined
    at WebSocketServer.close (/usr/lib/node_modules/pm2-web/node_modules/ws/lib/WebSocketServer.js:109:32)
    at PM2Web.stop (/usr/lib/node_modules/pm2-web/server/app.js:207:42)
    at emitNone (events.js:86:13)
    at process.emit (events.js:185:7)
    at Signal.wrap.onsignal (internal/process.js:201:44)
